<?xml version="1.0" encoding="UTF-8"?>
<!-- Generated by org.testng.reporters.JUnitReportReporter -->
<testsuite hostname="LAPTOP-NULB3G5Q" failures="1" tests="13" name="com.runners.CucumberRunner" time="528.561" errors="0" timestamp="2024-11-13T14:56:33 IST" skipped="0">
  <testcase classname="com.runners.CucumberRunner" name="runScenario" time="88.209">
    <system-out>
      <![CDATA[Browser should be Launched and url is navigated
pop is closed
user is able to click on Holiday Packages link
holidays package is opend
User is on the Holidays package page
User is able enter the source in from Text Field
User is able enter the destination in from Text Field
date is selected from the excel
clicked on Search button successfully
selected package with flight
popup is handled
Browser should be closed]]>
    </system-out>
  </testcase> <!-- runScenario -->
  <testcase classname="com.runners.CucumberRunner" name="runScenario" time="8.159">
    <system-out>
      <![CDATA[Browser should be Launched and url is navigated
pop is closed
user is able to click on Holiday Packages link
holidays package is opend
User is on the Holidays package page
User is clicked on Cruise Explorer]]>
    </system-out>
  </testcase> <!-- runScenario -->
  <testcase classname="com.runners.CucumberRunner" name="runScenario" time="11.767">
    <system-out>
      <![CDATA[Browser should be Launched and url is navigated
pop is closed
user is able to click on Holiday Packages link
holidays package is opend
User is on the Holidays package page
Kerala Packages are displayed]]>
    </system-out>
  </testcase> <!-- runScenario -->
  <testcase classname="com.runners.CucumberRunner" name="runScenario" time="7.773">
    <system-out>
      <![CDATA[Browser should be Launched and url is navigated
pop is closed
user is able to click on Holiday Packages link
holidays package is opend
User is on the Holidays package page
User is clicked on Book Explorer]]>
    </system-out>
  </testcase> <!-- runScenario -->
  <testcase classname="com.runners.CucumberRunner" name="runScenario" time="38.840">
    <failure message="expected [true] but found [false]" type="java.lang.AssertionError">
      <![CDATA[java.lang.AssertionError: expected [true] but found [false]
at org.testng.Assert.fail(Assert.java:111)
at org.testng.Assert.failNotEquals(Assert.java:1578)
at org.testng.Assert.assertTrue(Assert.java:57)
at org.testng.Assert.assertTrue(Assert.java:67)
at com.stepDefinition.Sample.scroll_down_untill_user_is_reached_to_the_details_of_all_packages(Sample.java:56)
at ✽.scroll down untill user is reached to the details of all packages(file:///C:/Users/Y.Tejaswini/git/repository3/MakeMyTrip/./src/test/resources/featureFiles/Sample.feature:9)
]]>
    </failure>
    <system-out>
      <![CDATA[Browser should be Launched and url is navigated
pop is closed
user is able to click on Holiday Packages link
holidays package is opend
User is on the Holidays package page
reached the Dubai package]]>
    </system-out>
  </testcase> <!-- runScenario -->
  <testcase classname="com.runners.CucumberRunner" name="runScenario" time="9.076">
    <system-out>
      <![CDATA[Browser should be Launched and url is navigated
pop is closed
user is able to click on Holiday Packages link
holidays package is opend
User is on the Holidays package page
Kerala Packages are displayed]]>
    </system-out>
  </testcase> <!-- runScenario -->
  <testcase classname="com.runners.CucumberRunner" name="runScenario" time="28.666">
    <system-out>
      <![CDATA[Browser should be Launched and url is navigated
pop is closed
user is able to click on Holiday Packages link
holidays package is opend
User is on the Holidays package page
User is able enter the source in from Text Field
User is able enter the destination in from Text Field
date is selected from the excel
clicked on Search button successfully
with flight filter is applied
price range is selected from the package
filters are applied]]>
    </system-out>
  </testcase> <!-- runScenario -->
  <testcase classname="com.runners.CucumberRunner" name="runScenario" time="7.990">
    <system-out>
      <![CDATA[Browser should be Launched and url is navigated
pop is closed
user is able to click on Holiday Packages link
holidays package is opend
User is on the Holidays package page
Goa Packages are displayed]]>
    </system-out>
  </testcase> <!-- runScenario -->
  <testcase classname="com.runners.CucumberRunner" name="runScenario" time="89.774">
    <system-out>
      <![CDATA[Browser should be Launched and url is navigated
pop is closed
user is able to click on Holiday Packages link
holidays package is opend
User is on the Holidays package page
User is able enter the source in from Text Field
User is able enter the destination in from Text Field
date is selected from the excel
clicked on Search button successfully
Assistance popup is closed
clicked on the image of package
Sale popup is closed
selected package with flight
package details page is opened..
clicking on the hotels
Details of the room were displayed]]>
    </system-out>
  </testcase> <!-- runScenario -->
  <testcase classname="com.runners.CucumberRunner" name="runScenario" time="7.423">
    <system-out>
      <![CDATA[Browser should be Launched and url is navigated
pop is closed
user is able to click on Holiday Packages link
holidays package is opend
User is on the Holidays package page
South India Packages are displayed]]>
    </system-out>
  </testcase> <!-- runScenario -->
  <testcase classname="com.runners.CucumberRunner" name="runScenario" time="104.373">
    <system-out>
      <![CDATA[Browser should be Launched and url is navigated
pop is closed
user is able to click on Holiday Packages link
holidays package is opend
User is on the Holidays package page
User is able enter the source in from Text Field
User is able enter the destination in from Text Field
date is selected from the excel
clicked on Search button successfully
Assistance popup is closed
clicked on the image of package
Sale popup is closed
selected package with flight
package details page is opened..
clicking on the flights and transfer link
removing the flight
updating the package
flight is removed from the package]]>
    </system-out>
  </testcase> <!-- runScenario -->
  <testcase classname="com.runners.CucumberRunner" name="runScenario" time="110.699">
    <system-out>
      <![CDATA[Browser should be Launched and url is navigated
pop is closed
user is able to click on Holiday Packages link
holidays package is opend
User is on the Holidays package page
User is able enter the source in from Text Field
User is able enter the destination in from Text Field
date is selected from the excel
clicked on Search button successfully
selected package with flight
payment Button is clicked
traveller details were added successfully]]>
    </system-out>
  </testcase> <!-- runScenario -->
  <testcase classname="com.runners.CucumberRunner" name="runScenario" time="15.812">
    <system-out>
      <![CDATA[Browser should be Launched and url is navigated
pop is closed
user is able to click on Holiday Packages link
holidays package is opend
User is on the Holidays package page
User is clicked on Honeymoon Explorer]]>
    </system-out>
  </testcase> <!-- runScenario -->
  <system-out>
    <![CDATA[Browser should be Launched and url is navigated
pop is closed
user is able to click on Holiday Packages link
holidays package is opend
User is on the Holidays package page
User is able enter the source in from Text Field
User is able enter the destination in from Text Field
date is selected from the excel
clicked on Search button successfully
Assistance popup is closed
clicked on the image of package
Sale popup is closed
selected package with flight
package details page is opened..
clicking on the flights and transfer link
removing the flight
updating the package
flight is removed from the package
Browser should be Launched and url is navigated
pop is closed
user is able to click on Holiday Packages link
holidays package is opend
User is on the Holidays package page
User is able enter the source in from Text Field
User is able enter the destination in from Text Field
date is selected from the excel
clicked on Search button successfully
Assistance popup is closed
clicked on the image of package
Sale popup is closed
selected package with flight
package details page is opened..
clicking on the hotels
Details of the room were displayed
Browser should be Launched and url is navigated
pop is closed
user is able to click on Holiday Packages link
holidays package is opend
User is on the Holidays package page
South India Packages are displayed
Browser should be Launched and url is navigated
pop is closed
user is able to click on Holiday Packages link
holidays package is opend
User is on the Holidays package page
Goa Packages are displayed
Browser should be Launched and url is navigated
pop is closed
user is able to click on Holiday Packages link
holidays package is opend
User is on the Holidays package page
Kerala Packages are displayed
Browser should be Launched and url is navigated
pop is closed
user is able to click on Holiday Packages link
holidays package is opend
User is on the Holidays package page
User is able enter the source in from Text Field
User is able enter the destination in from Text Field
date is selected from the excel
clicked on Search button successfully
with flight filter is applied
price range is selected from the package
filters are applied
Browser should be Launched and url is navigated
pop is closed
user is able to click on Holiday Packages link
holidays package is opend
User is on the Holidays package page
User is able enter the source in from Text Field
User is able enter the destination in from Text Field
date is selected from the excel
clicked on Search button successfully
selected package with flight
popup is handled
Browser should be closed
Browser should be Launched and url is navigated
pop is closed
user is able to click on Holiday Packages link
holidays package is opend
User is on the Holidays package page
User is able enter the source in from Text Field
User is able enter the destination in from Text Field
date is selected from the excel
clicked on Search button successfully
selected package with flight
payment Button is clicked
traveller details were added successfully
Browser should be Launched and url is navigated
pop is closed
user is able to click on Holiday Packages link
holidays package is opend
User is on the Holidays package page
reached the Dubai package
Browser should be Launched and url is navigated
pop is closed
user is able to click on Holiday Packages link
holidays package is opend
User is on the Holidays package page
User is clicked on Book Explorer
Browser should be Launched and url is navigated
pop is closed
user is able to click on Holiday Packages link
holidays package is opend
User is on the Holidays package page
User is clicked on Cruise Explorer
Browser should be Launched and url is navigated
pop is closed
user is able to click on Holiday Packages link
holidays package is opend
User is on the Holidays package page
User is clicked on Honeymoon Explorer
Browser should be Launched and url is navigated
pop is closed
user is able to click on Holiday Packages link
holidays package is opend
User is on the Holidays package page
Kerala Packages are displayed]]>
  </system-out>
</testsuite> <!-- com.runners.CucumberRunner -->
